{"contracts/BasicToken.sol":{"l":{"21":2,"30":18,"31":16,"33":13,"34":13,"35":13,"36":13,"45":17},"path":"/Users/nico/Desktop/public_repos/Ethereum-Medical-Records/contracts/BasicToken.sol","s":{"1":2,"2":18,"3":16,"4":13,"5":13,"6":13,"7":13,"8":17},"b":{"1":[16,2],"2":[13,3]},"f":{"1":2,"2":18,"3":17},"fnMap":{"1":{"name":"totalSupply","line":20,"loc":{"start":{"line":20,"column":4},"end":{"line":20,"column":54}}},"2":{"name":"transfer","line":29,"loc":{"start":{"line":29,"column":4},"end":{"line":29,"column":70}}},"3":{"name":"balanceOf","line":44,"loc":{"start":{"line":44,"column":4},"end":{"line":44,"column":66}}}},"statementMap":{"1":{"start":{"line":21,"column":8},"end":{"line":21,"column":27}},"2":{"start":{"line":30,"column":8},"end":{"line":30,"column":33}},"3":{"start":{"line":31,"column":8},"end":{"line":31,"column":46}},"4":{"start":{"line":33,"column":8},"end":{"line":33,"column":62}},"5":{"start":{"line":34,"column":8},"end":{"line":34,"column":48}},"6":{"start":{"line":35,"column":8},"end":{"line":35,"column":46}},"7":{"start":{"line":36,"column":8},"end":{"line":36,"column":19}},"8":{"start":{"line":45,"column":8},"end":{"line":45,"column":31}}},"branchMap":{"1":{"line":30,"type":"if","locations":[{"start":{"line":30,"column":8},"end":{"line":30,"column":8}},{"start":{"line":30,"column":8},"end":{"line":30,"column":8}}]},"2":{"line":31,"type":"if","locations":[{"start":{"line":31,"column":8},"end":{"line":31,"column":8}},{"start":{"line":31,"column":8},"end":{"line":31,"column":8}}]}}},"contracts/ERC20.sol":{"l":{},"path":"/Users/nico/Desktop/public_repos/Ethereum-Medical-Records/contracts/ERC20.sol","s":{},"b":{},"f":{},"fnMap":{},"statementMap":{},"branchMap":{}},"contracts/ERC20Basic.sol":{"l":{},"path":"/Users/nico/Desktop/public_repos/Ethereum-Medical-Records/contracts/ERC20Basic.sol","s":{},"b":{},"f":{},"fnMap":{},"statementMap":{},"branchMap":{}},"contracts/InterfacePatientRecords.sol":{"l":{},"path":"/Users/nico/Desktop/public_repos/Ethereum-Medical-Records/contracts/InterfacePatientRecords.sol","s":{},"b":{},"f":{},"fnMap":{},"statementMap":{},"branchMap":{}},"contracts/mocks/BasicTokenMock.sol":{"l":{"9":7,"10":7},"path":"/Users/nico/Desktop/public_repos/Ethereum-Medical-Records/contracts/mocks/BasicTokenMock.sol","s":{"1":7,"2":7},"b":{},"f":{"1":7},"fnMap":{"1":{"name":null,"line":8,"loc":{"start":{"line":8,"column":4},"end":{"line":8,"column":68}}}},"statementMap":{"1":{"start":{"line":9,"column":8},"end":{"line":9,"column":48}},"2":{"start":{"line":10,"column":8},"end":{"line":10,"column":36}}},"branchMap":{}},"contracts/mocks/SafeMathMock.sol":{"l":{"8":3,"12":2,"16":2,"20":2},"path":"/Users/nico/Desktop/public_repos/Ethereum-Medical-Records/contracts/mocks/SafeMathMock.sol","s":{"1":3,"2":2,"3":2,"4":2},"b":{},"f":{"1":3,"2":2,"3":2,"4":2},"fnMap":{"1":{"name":"mul","line":7,"loc":{"start":{"line":7,"column":4},"end":{"line":7,"column":66}}},"2":{"name":"div","line":11,"loc":{"start":{"line":11,"column":4},"end":{"line":11,"column":66}}},"3":{"name":"sub","line":15,"loc":{"start":{"line":15,"column":4},"end":{"line":15,"column":66}}},"4":{"name":"add","line":19,"loc":{"start":{"line":19,"column":4},"end":{"line":19,"column":66}}}},"statementMap":{"1":{"start":{"line":8,"column":8},"end":{"line":8,"column":33}},"2":{"start":{"line":12,"column":8},"end":{"line":12,"column":33}},"3":{"start":{"line":16,"column":8},"end":{"line":16,"column":33}},"4":{"start":{"line":20,"column":8},"end":{"line":20,"column":33}}},"branchMap":{}},"contracts/mocks/StandardTokenMock.sol":{"l":{"9":38,"10":38},"path":"/Users/nico/Desktop/public_repos/Ethereum-Medical-Records/contracts/mocks/StandardTokenMock.sol","s":{"1":38,"2":38},"b":{},"f":{"1":38},"fnMap":{"1":{"name":null,"line":8,"loc":{"start":{"line":8,"column":4},"end":{"line":8,"column":68}}}},"statementMap":{"1":{"start":{"line":9,"column":8},"end":{"line":9,"column":48}},"2":{"start":{"line":10,"column":8},"end":{"line":10,"column":36}}},"branchMap":{}},"contracts/Ownable.sol":{"l":{"20":49,"27":73,"28":68,"36":2,"37":1,"38":1},"path":"/Users/nico/Desktop/public_repos/Ethereum-Medical-Records/contracts/Ownable.sol","s":{"1":49,"2":73,"3":2,"4":1,"5":1},"b":{"1":[68,5],"2":[1,1]},"f":{"1":49,"2":73,"3":2},"fnMap":{"1":{"name":null,"line":19,"loc":{"start":{"line":19,"column":4},"end":{"line":19,"column":22}}},"2":{"name":"onlyOwner","line":26,"loc":{"start":{"line":26,"column":4},"end":{"line":26,"column":22}}},"3":{"name":"transferOwnership","line":35,"loc":{"start":{"line":35,"column":4},"end":{"line":35,"column":63}}}},"statementMap":{"1":{"start":{"line":20,"column":8},"end":{"line":20,"column":25}},"2":{"start":{"line":27,"column":8},"end":{"line":27,"column":35}},"3":{"start":{"line":36,"column":8},"end":{"line":36,"column":38}},"4":{"start":{"line":37,"column":8},"end":{"line":37,"column":50}},"5":{"start":{"line":38,"column":8},"end":{"line":38,"column":23}}},"branchMap":{"1":{"line":27,"type":"if","locations":[{"start":{"line":27,"column":8},"end":{"line":27,"column":8}},{"start":{"line":27,"column":8},"end":{"line":27,"column":8}}]},"2":{"line":36,"type":"if","locations":[{"start":{"line":36,"column":8},"end":{"line":36,"column":8}},{"start":{"line":36,"column":8},"end":{"line":36,"column":8}}]}}},"contracts/PatientRecords.sol":{"l":{"67":48,"68":48,"72":7,"73":5,"77":15,"78":14,"82":7,"83":5,"87":22,"88":21,"92":33,"93":32,"97":10,"98":10,"99":9,"103":11,"104":10,"108":2,"109":1,"113":14,"114":14,"115":13,"119":3,"120":2,"124":9,"125":8,"129":22,"130":22,"138":4,"139":4,"154":24,"155":24,"156":45,"157":44,"160":23,"161":44,"162":43,"163":42,"166":21,"167":21,"168":21,"180":2,"181":2,"191":1,"192":1,"204":1,"205":1,"215":1,"216":1,"236":8,"237":8,"238":8,"239":8,"240":8,"241":8,"243":8,"244":8,"246":8,"248":8,"262":8,"263":8,"264":8,"265":8,"267":8,"269":8,"289":1,"290":1,"291":1,"292":1,"293":1,"304":4,"305":3,"306":3,"309":1,"321":1,"322":1,"323":1,"324":3,"325":2,"336":22,"337":22,"349":3,"362":21,"363":21,"372":8,"373":8},"path":"/Users/nico/Desktop/public_repos/Ethereum-Medical-Records/contracts/PatientRecords.sol","s":{"1":48,"2":7,"3":15,"4":7,"5":22,"6":33,"7":10,"8":10,"9":11,"10":2,"11":14,"12":14,"13":3,"14":9,"15":22,"16":4,"17":4,"18":24,"19":45,"20":44,"21":23,"22":44,"23":43,"24":42,"25":21,"26":21,"27":21,"28":2,"29":2,"30":1,"31":1,"32":1,"33":1,"34":1,"35":1,"36":8,"37":8,"38":8,"39":8,"40":8,"41":8,"42":8,"43":8,"44":8,"45":8,"46":8,"47":8,"48":8,"49":8,"50":8,"51":8,"52":1,"53":1,"54":1,"55":1,"56":1,"57":4,"58":3,"59":3,"60":1,"61":1,"62":1,"63":3,"64":2,"65":22,"66":22,"67":3,"68":21,"69":21,"70":8},"b":{"1":[48,0],"2":[5,2],"3":[14,1],"4":[5,2],"5":[21,1],"6":[32,1],"7":[9,1],"8":[10,1],"9":[1,1],"10":[13,1],"11":[2,1],"12":[8,1],"13":[22,0],"14":[4,0],"15":[44,1],"16":[43,1],"17":[42,1],"18":[3,1],"19":[2,1]},"f":{"1":48,"2":7,"3":15,"4":7,"5":22,"6":33,"7":10,"8":11,"9":2,"10":14,"11":3,"12":9,"13":22,"14":4,"15":24,"16":2,"17":1,"18":1,"19":1,"20":8,"21":8,"22":1,"23":4,"24":1,"25":22,"26":3,"27":21,"28":8},"fnMap":{"1":{"name":"validParameters","line":66,"loc":{"start":{"line":66,"column":4},"end":{"line":66,"column":38}}},"2":{"name":"hospitalDoesNotExist","line":71,"loc":{"start":{"line":71,"column":4},"end":{"line":71,"column":49}}},"3":{"name":"hospitalExist","line":76,"loc":{"start":{"line":76,"column":4},"end":{"line":76,"column":42}}},"4":{"name":"patientDoesNotExist","line":81,"loc":{"start":{"line":81,"column":4},"end":{"line":81,"column":47}}},"5":{"name":"patientExist","line":86,"loc":{"start":{"line":86,"column":4},"end":{"line":86,"column":40}}},"6":{"name":"notNull","line":91,"loc":{"start":{"line":91,"column":4},"end":{"line":91,"column":36}}},"7":{"name":"notEmpty","line":96,"loc":{"start":{"line":96,"column":4},"end":{"line":96,"column":32}}},"8":{"name":"onlyPatient","line":102,"loc":{"start":{"line":102,"column":4},"end":{"line":102,"column":40}}},"9":{"name":"onlyHospital","line":107,"loc":{"start":{"line":107,"column":4},"end":{"line":107,"column":66}}},"10":{"name":"recordExists","line":112,"loc":{"start":{"line":112,"column":4},"end":{"line":112,"column":65}}},"11":{"name":"patientProvidedName","line":118,"loc":{"start":{"line":118,"column":4},"end":{"line":118,"column":65}}},"12":{"name":"patientNotProvidedName","line":123,"loc":{"start":{"line":123,"column":4},"end":{"line":123,"column":68}}},"13":{"name":"higherThanZero","line":128,"loc":{"start":{"line":128,"column":4},"end":{"line":128,"column":40}}},"14":{"name":null,"line":134,"loc":{"start":{"line":134,"column":4},"end":{"line":137,"column":5}}},"15":{"name":null,"line":149,"loc":{"start":{"line":149,"column":4},"end":{"line":153,"column":5}}},"16":{"name":"addHospital","line":173,"loc":{"start":{"line":173,"column":4},"end":{"line":179,"column":5}}},"17":{"name":"removeHospital","line":186,"loc":{"start":{"line":186,"column":4},"end":{"line":190,"column":5}}},"18":{"name":"addPatient","line":197,"loc":{"start":{"line":197,"column":4},"end":{"line":203,"column":5}}},"19":{"name":"removePatient","line":210,"loc":{"start":{"line":210,"column":4},"end":{"line":214,"column":5}}},"20":{"name":"addRecord","line":225,"loc":{"start":{"line":225,"column":4},"end":{"line":235,"column":5}}},"21":{"name":"addName","line":254,"loc":{"start":{"line":254,"column":4},"end":{"line":261,"column":5}}},"22":{"name":"getRecord","line":275,"loc":{"start":{"line":275,"column":4},"end":{"line":288,"column":5}}},"23":{"name":"getRecordByName","line":298,"loc":{"start":{"line":298,"column":4},"end":{"line":303,"column":5}}},"24":{"name":"getCurrentPatients","line":315,"loc":{"start":{"line":315,"column":4},"end":{"line":320,"column":5}}},"25":{"name":"setSpringTokenReward","line":331,"loc":{"start":{"line":331,"column":4},"end":{"line":335,"column":5}}},"26":{"name":"getPatientBalance","line":343,"loc":{"start":{"line":343,"column":4},"end":{"line":348,"column":5}}},"27":{"name":"setSpringToken","line":357,"loc":{"start":{"line":357,"column":4},"end":{"line":361,"column":5}}},"28":{"name":"payPatient","line":368,"loc":{"start":{"line":368,"column":4},"end":{"line":371,"column":5}}}},"statementMap":{"1":{"start":{"line":67,"column":8},"end":{"line":67,"column":48}},"2":{"start":{"line":72,"column":8},"end":{"line":72,"column":37}},"3":{"start":{"line":77,"column":8},"end":{"line":77,"column":36}},"4":{"start":{"line":82,"column":8},"end":{"line":82,"column":35}},"5":{"start":{"line":87,"column":8},"end":{"line":87,"column":34}},"6":{"start":{"line":92,"column":8},"end":{"line":92,"column":29}},"7":{"start":{"line":97,"column":8},"end":{"line":97,"column":44}},"8":{"start":{"line":98,"column":8},"end":{"line":98,"column":38}},"9":{"start":{"line":103,"column":8},"end":{"line":103,"column":67}},"10":{"start":{"line":108,"column":8},"end":{"line":108,"column":73}},"11":{"start":{"line":113,"column":8},"end":{"line":113,"column":69}},"12":{"start":{"line":114,"column":8},"end":{"line":114,"column":32}},"13":{"start":{"line":119,"column":8},"end":{"line":119,"column":63}},"14":{"start":{"line":124,"column":8},"end":{"line":124,"column":64}},"15":{"start":{"line":129,"column":8},"end":{"line":129,"column":25}},"16":{"start":{"line":138,"column":8},"end":{"line":138,"column":3724}},"17":{"start":{"line":139,"column":12},"end":{"line":139,"column":47}},"18":{"start":{"line":155,"column":8},"end":{"line":155,"column":4231}},"19":{"start":{"line":156,"column":12},"end":{"line":156,"column":40}},"20":{"start":{"line":157,"column":12},"end":{"line":157,"column":43}},"21":{"start":{"line":160,"column":8},"end":{"line":160,"column":4381}},"22":{"start":{"line":161,"column":12},"end":{"line":161,"column":45}},"23":{"start":{"line":162,"column":12},"end":{"line":162,"column":39}},"24":{"start":{"line":163,"column":12},"end":{"line":163,"column":41}},"25":{"start":{"line":166,"column":8},"end":{"line":166,"column":40}},"26":{"start":{"line":167,"column":8},"end":{"line":167,"column":35}},"27":{"start":{"line":168,"column":8},"end":{"line":168,"column":42}},"28":{"start":{"line":180,"column":8},"end":{"line":180,"column":35}},"29":{"start":{"line":181,"column":8},"end":{"line":181,"column":40}},"30":{"start":{"line":191,"column":8},"end":{"line":191,"column":36}},"31":{"start":{"line":192,"column":8},"end":{"line":192,"column":39}},"32":{"start":{"line":204,"column":8},"end":{"line":204,"column":33}},"33":{"start":{"line":205,"column":8},"end":{"line":205,"column":38}},"34":{"start":{"line":215,"column":8},"end":{"line":215,"column":34}},"35":{"start":{"line":216,"column":8},"end":{"line":216,"column":37}},"36":{"start":{"line":236,"column":8},"end":{"line":236,"column":65}},"37":{"start":{"line":237,"column":8},"end":{"line":237,"column":70}},"38":{"start":{"line":238,"column":8},"end":{"line":238,"column":65}},"39":{"start":{"line":239,"column":8},"end":{"line":239,"column":75}},"40":{"start":{"line":240,"column":8},"end":{"line":240,"column":75}},"41":{"start":{"line":241,"column":8},"end":{"line":241,"column":71}},"42":{"start":{"line":243,"column":8},"end":{"line":243,"column":61}},"43":{"start":{"line":244,"column":8},"end":{"line":244,"column":61}},"44":{"start":{"line":246,"column":8},"end":{"line":246,"column":61}},"45":{"start":{"line":248,"column":8},"end":{"line":248,"column":23}},"46":{"start":{"line":262,"column":8},"end":{"line":262,"column":57}},"47":{"start":{"line":263,"column":8},"end":{"line":263,"column":50}},"48":{"start":{"line":264,"column":8},"end":{"line":264,"column":74}},"49":{"start":{"line":265,"column":8},"end":{"line":265,"column":51}},"50":{"start":{"line":267,"column":8},"end":{"line":267,"column":29}},"51":{"start":{"line":269,"column":8},"end":{"line":269,"column":54}},"52":{"start":{"line":289,"column":8},"end":{"line":289,"column":55}},"53":{"start":{"line":290,"column":8},"end":{"line":290,"column":63}},"54":{"start":{"line":291,"column":8},"end":{"line":291,"column":73}},"55":{"start":{"line":292,"column":8},"end":{"line":292,"column":73}},"56":{"start":{"line":293,"column":8},"end":{"line":293,"column":69}},"57":{"start":{"line":304,"column":8},"end":{"line":304,"column":9478}},"58":{"start":{"line":305,"column":12},"end":{"line":305,"column":61}},"59":{"start":{"line":306,"column":12},"end":{"line":306,"column":34}},"60":{"start":{"line":309,"column":12},"end":{"line":309,"column":20}},"61":{"start":{"line":322,"column":8},"end":{"line":322,"column":28}},"62":{"start":{"line":323,"column":8},"end":{"line":323,"column":10028}},"63":{"start":{"line":324,"column":12},"end":{"line":324,"column":10101}},"64":{"start":{"line":325,"column":12},"end":{"line":325,"column":33}},"65":{"start":{"line":336,"column":8},"end":{"line":336,"column":39}},"66":{"start":{"line":337,"column":8},"end":{"line":337,"column":41}},"67":{"start":{"line":349,"column":8},"end":{"line":349,"column":53}},"68":{"start":{"line":362,"column":8},"end":{"line":362,"column":49}},"69":{"start":{"line":363,"column":8},"end":{"line":363,"column":42}},"70":{"start":{"line":373,"column":8},"end":{"line":373,"column":41}}},"branchMap":{"1":{"line":67,"type":"if","locations":[{"start":{"line":67,"column":8},"end":{"line":67,"column":8}},{"start":{"line":67,"column":8},"end":{"line":67,"column":8}}]},"2":{"line":72,"type":"if","locations":[{"start":{"line":72,"column":8},"end":{"line":72,"column":8}},{"start":{"line":72,"column":8},"end":{"line":72,"column":8}}]},"3":{"line":77,"type":"if","locations":[{"start":{"line":77,"column":8},"end":{"line":77,"column":8}},{"start":{"line":77,"column":8},"end":{"line":77,"column":8}}]},"4":{"line":82,"type":"if","locations":[{"start":{"line":82,"column":8},"end":{"line":82,"column":8}},{"start":{"line":82,"column":8},"end":{"line":82,"column":8}}]},"5":{"line":87,"type":"if","locations":[{"start":{"line":87,"column":8},"end":{"line":87,"column":8}},{"start":{"line":87,"column":8},"end":{"line":87,"column":8}}]},"6":{"line":92,"type":"if","locations":[{"start":{"line":92,"column":8},"end":{"line":92,"column":8}},{"start":{"line":92,"column":8},"end":{"line":92,"column":8}}]},"7":{"line":98,"type":"if","locations":[{"start":{"line":98,"column":8},"end":{"line":98,"column":8}},{"start":{"line":98,"column":8},"end":{"line":98,"column":8}}]},"8":{"line":103,"type":"if","locations":[{"start":{"line":103,"column":8},"end":{"line":103,"column":8}},{"start":{"line":103,"column":8},"end":{"line":103,"column":8}}]},"9":{"line":108,"type":"if","locations":[{"start":{"line":108,"column":8},"end":{"line":108,"column":8}},{"start":{"line":108,"column":8},"end":{"line":108,"column":8}}]},"10":{"line":114,"type":"if","locations":[{"start":{"line":114,"column":8},"end":{"line":114,"column":8}},{"start":{"line":114,"column":8},"end":{"line":114,"column":8}}]},"11":{"line":119,"type":"if","locations":[{"start":{"line":119,"column":8},"end":{"line":119,"column":8}},{"start":{"line":119,"column":8},"end":{"line":119,"column":8}}]},"12":{"line":124,"type":"if","locations":[{"start":{"line":124,"column":8},"end":{"line":124,"column":8}},{"start":{"line":124,"column":8},"end":{"line":124,"column":8}}]},"13":{"line":129,"type":"if","locations":[{"start":{"line":129,"column":8},"end":{"line":129,"column":8}},{"start":{"line":129,"column":8},"end":{"line":129,"column":8}}]},"14":{"line":138,"type":"if","locations":[{"start":{"line":138,"column":8},"end":{"line":138,"column":8}},{"start":{"line":138,"column":8},"end":{"line":138,"column":8}}]},"15":{"line":156,"type":"if","locations":[{"start":{"line":156,"column":12},"end":{"line":156,"column":12}},{"start":{"line":156,"column":12},"end":{"line":156,"column":12}}]},"16":{"line":161,"type":"if","locations":[{"start":{"line":161,"column":12},"end":{"line":161,"column":12}},{"start":{"line":161,"column":12},"end":{"line":161,"column":12}}]},"17":{"line":162,"type":"if","locations":[{"start":{"line":162,"column":12},"end":{"line":162,"column":12}},{"start":{"line":162,"column":12},"end":{"line":162,"column":12}}]},"18":{"line":304,"type":"if","locations":[{"start":{"line":304,"column":8},"end":{"line":304,"column":8}},{"start":{"line":304,"column":8},"end":{"line":304,"column":8}}]},"19":{"line":324,"type":"if","locations":[{"start":{"line":324,"column":12},"end":{"line":324,"column":12}},{"start":{"line":324,"column":12},"end":{"line":324,"column":12}}]}}},"contracts/SafeMath.sol":{"l":{"14":3,"15":1,"17":2,"18":2,"19":1,"29":2,"36":23,"37":22,"44":26,"45":26,"46":25},"path":"/Users/nico/Desktop/public_repos/Ethereum-Medical-Records/contracts/SafeMath.sol","s":{"1":3,"2":1,"3":2,"4":2,"5":1,"6":2,"7":23,"8":22,"9":26,"10":26,"11":25},"b":{"1":[1,2],"2":[1,1],"3":[22,1],"4":[25,1]},"f":{"1":3,"2":2,"3":23,"4":26},"fnMap":{"1":{"name":"mul","line":13,"loc":{"start":{"line":13,"column":4},"end":{"line":13,"column":70}}},"2":{"name":"div","line":25,"loc":{"start":{"line":25,"column":4},"end":{"line":25,"column":68}}},"3":{"name":"sub","line":35,"loc":{"start":{"line":35,"column":4},"end":{"line":35,"column":68}}},"4":{"name":"add","line":43,"loc":{"start":{"line":43,"column":4},"end":{"line":43,"column":70}}}},"statementMap":{"1":{"start":{"line":14,"column":8},"end":{"line":14,"column":299}},"2":{"start":{"line":15,"column":12},"end":{"line":15,"column":20}},"3":{"start":{"line":17,"column":8},"end":{"line":17,"column":16}},"4":{"start":{"line":18,"column":8},"end":{"line":18,"column":25}},"5":{"start":{"line":19,"column":8},"end":{"line":19,"column":16}},"6":{"start":{"line":29,"column":8},"end":{"line":29,"column":20}},"7":{"start":{"line":36,"column":8},"end":{"line":36,"column":21}},"8":{"start":{"line":37,"column":8},"end":{"line":37,"column":20}},"9":{"start":{"line":44,"column":8},"end":{"line":44,"column":16}},"10":{"start":{"line":45,"column":8},"end":{"line":45,"column":21}},"11":{"start":{"line":46,"column":8},"end":{"line":46,"column":16}}},"branchMap":{"1":{"line":14,"type":"if","locations":[{"start":{"line":14,"column":8},"end":{"line":14,"column":8}},{"start":{"line":14,"column":8},"end":{"line":14,"column":8}}]},"2":{"line":18,"type":"if","locations":[{"start":{"line":18,"column":8},"end":{"line":18,"column":8}},{"start":{"line":18,"column":8},"end":{"line":18,"column":8}}]},"3":{"line":36,"type":"if","locations":[{"start":{"line":36,"column":8},"end":{"line":36,"column":8}},{"start":{"line":36,"column":8},"end":{"line":36,"column":8}}]},"4":{"line":45,"type":"if","locations":[{"start":{"line":45,"column":8},"end":{"line":45,"column":8}},{"start":{"line":45,"column":8},"end":{"line":45,"column":8}}]}}},"contracts/SpringToken.sol":{"l":{"24":21,"25":21,"26":21},"path":"/Users/nico/Desktop/public_repos/Ethereum-Medical-Records/contracts/SpringToken.sol","s":{"1":21,"2":21,"3":21},"b":{},"f":{"1":21},"fnMap":{"1":{"name":null,"line":23,"loc":{"start":{"line":23,"column":4},"end":{"line":23,"column":22}}}},"statementMap":{"1":{"start":{"line":24,"column":8},"end":{"line":24,"column":36}},"2":{"start":{"line":25,"column":8},"end":{"line":25,"column":44}},"3":{"start":{"line":26,"column":8},"end":{"line":26,"column":54}}},"branchMap":{}},"contracts/StandardToken.sol":{"l":{"26":7,"27":6,"28":4,"30":3,"31":3,"32":3,"33":3,"34":3,"48":21,"49":21,"50":21,"60":16,"74":8,"75":8,"76":8,"90":8,"91":8,"92":6,"94":2,"96":8,"97":8},"path":"/Users/nico/Desktop/public_repos/Ethereum-Medical-Records/contracts/StandardToken.sol","s":{"1":7,"2":6,"3":4,"4":3,"5":3,"6":3,"7":3,"8":3,"9":21,"10":21,"11":21,"12":16,"13":8,"14":8,"15":8,"16":8,"17":8,"18":6,"19":2,"20":8,"21":8},"b":{"1":[6,1],"2":[4,2],"3":[3,1],"4":[6,2]},"f":{"1":7,"2":21,"3":16,"4":8,"5":8},"fnMap":{"1":{"name":"transferFrom","line":25,"loc":{"start":{"line":25,"column":4},"end":{"line":25,"column":89}}},"2":{"name":"approve","line":47,"loc":{"start":{"line":47,"column":4},"end":{"line":47,"column":74}}},"3":{"name":"allowance","line":59,"loc":{"start":{"line":59,"column":4},"end":{"line":59,"column":84}}},"4":{"name":"increaseApproval","line":73,"loc":{"start":{"line":73,"column":4},"end":{"line":73,"column":85}}},"5":{"name":"decreaseApproval","line":89,"loc":{"start":{"line":89,"column":4},"end":{"line":89,"column":90}}}},"statementMap":{"1":{"start":{"line":26,"column":8},"end":{"line":26,"column":33}},"2":{"start":{"line":27,"column":8},"end":{"line":27,"column":41}},"3":{"start":{"line":28,"column":8},"end":{"line":28,"column":52}},"4":{"start":{"line":30,"column":8},"end":{"line":30,"column":52}},"5":{"start":{"line":31,"column":8},"end":{"line":31,"column":48}},"6":{"start":{"line":32,"column":8},"end":{"line":32,"column":74}},"7":{"start":{"line":33,"column":8},"end":{"line":33,"column":41}},"8":{"start":{"line":34,"column":8},"end":{"line":34,"column":19}},"9":{"start":{"line":48,"column":8},"end":{"line":48,"column":45}},"10":{"start":{"line":49,"column":8},"end":{"line":49,"column":51}},"11":{"start":{"line":50,"column":8},"end":{"line":50,"column":19}},"12":{"start":{"line":60,"column":8},"end":{"line":60,"column":40}},"13":{"start":{"line":74,"column":8},"end":{"line":74,"column":85}},"14":{"start":{"line":75,"column":8},"end":{"line":75,"column":74}},"15":{"start":{"line":76,"column":8},"end":{"line":76,"column":19}},"16":{"start":{"line":90,"column":8},"end":{"line":90,"column":52}},"17":{"start":{"line":91,"column":8},"end":{"line":91,"column":3944}},"18":{"start":{"line":92,"column":12},"end":{"line":92,"column":44}},"19":{"start":{"line":94,"column":12},"end":{"line":94,"column":73}},"20":{"start":{"line":96,"column":8},"end":{"line":96,"column":74}},"21":{"start":{"line":97,"column":8},"end":{"line":97,"column":19}}},"branchMap":{"1":{"line":26,"type":"if","locations":[{"start":{"line":26,"column":8},"end":{"line":26,"column":8}},{"start":{"line":26,"column":8},"end":{"line":26,"column":8}}]},"2":{"line":27,"type":"if","locations":[{"start":{"line":27,"column":8},"end":{"line":27,"column":8}},{"start":{"line":27,"column":8},"end":{"line":27,"column":8}}]},"3":{"line":28,"type":"if","locations":[{"start":{"line":28,"column":8},"end":{"line":28,"column":8}},{"start":{"line":28,"column":8},"end":{"line":28,"column":8}}]},"4":{"line":91,"type":"if","locations":[{"start":{"line":91,"column":8},"end":{"line":91,"column":8}},{"start":{"line":91,"column":8},"end":{"line":91,"column":8}}]}}},"contracts/TokenDestructible.sol":{"l":{"26":1,"27":1,"28":1,"29":1,"32":1},"path":"/Users/nico/Desktop/public_repos/Ethereum-Medical-Records/contracts/TokenDestructible.sol","s":{"1":1,"2":1,"3":1,"4":1},"b":{},"f":{"1":24,"2":1},"fnMap":{"1":{"name":null,"line":15,"loc":{"start":{"line":15,"column":4},"end":{"line":15,"column":30}}},"2":{"name":"destroy","line":24,"loc":{"start":{"line":24,"column":4},"end":{"line":24,"column":53}}}},"statementMap":{"1":{"start":{"line":26,"column":8},"end":{"line":26,"column":757}},"2":{"start":{"line":27,"column":12},"end":{"line":27,"column":51}},"3":{"start":{"line":28,"column":12},"end":{"line":28,"column":50}},"4":{"start":{"line":32,"column":8},"end":{"line":32,"column":26}}},"branchMap":{}}}