{"contracts/InterfacePatientRecords.sol":{"l":{},"path":"/home/nico/Desktop/public_repos/hospital_network/contracts/InterfacePatientRecords.sol","s":{},"b":{},"f":{},"fnMap":{},"statementMap":{},"branchMap":{}},"contracts/PatientRecords.sol":{"l":{"67":48,"69":48,"73":7,"74":5,"78":15,"79":14,"83":7,"84":5,"88":22,"89":21,"93":33,"94":32,"98":10,"99":10,"100":9,"104":11,"105":10,"109":2,"110":1,"114":14,"115":14,"116":13,"120":3,"121":2,"125":9,"126":8,"130":22,"131":22,"139":4,"155":24,"156":24,"157":45,"158":44,"161":23,"162":44,"163":43,"164":42,"167":21,"168":21,"169":21,"181":2,"192":1,"205":1,"216":1,"237":8,"238":8,"239":8,"240":8,"241":8,"242":8,"244":8,"245":8,"249":8,"263":8,"264":8,"265":8,"266":8,"268":8,"289":1,"290":1,"291":1,"292":1,"293":1,"304":4,"305":3,"306":3,"309":1,"321":1,"322":1,"323":1,"324":3,"325":2,"336":22,"349":3,"362":21,"363":21,"372":8},"path":"/home/nico/Desktop/public_repos/hospital_network/contracts/PatientRecords.sol","s":{"1":48,"2":7,"3":15,"4":7,"5":22,"6":33,"7":10,"8":10,"9":11,"10":2,"11":14,"12":14,"13":3,"14":9,"15":22,"16":4,"17":4,"18":24,"19":45,"20":44,"21":23,"22":44,"23":43,"24":42,"25":21,"26":21,"27":21,"28":2,"29":2,"30":1,"31":1,"32":1,"33":1,"34":1,"35":1,"36":8,"37":8,"38":8,"39":8,"40":8,"41":8,"42":8,"43":8,"44":8,"45":8,"46":8,"47":8,"48":8,"49":8,"50":8,"51":8,"52":1,"53":1,"54":1,"55":1,"56":1,"57":4,"58":3,"59":3,"60":1,"61":1,"62":1,"63":3,"64":2,"65":22,"66":22,"67":3,"68":21,"69":21,"70":8},"b":{"1":[48,0],"2":[5,2],"3":[14,1],"4":[5,2],"5":[21,1],"6":[32,1],"7":[9,1],"8":[10,1],"9":[1,1],"10":[13,1],"11":[2,1],"12":[8,1],"13":[22,0],"14":[4,0],"15":[44,1],"16":[43,1],"17":[42,1],"18":[3,1],"19":[2,1]},"f":{"1":48,"2":7,"3":15,"4":7,"5":22,"6":33,"7":10,"8":11,"9":2,"10":14,"11":3,"12":9,"13":22,"14":4,"15":24,"16":2,"17":1,"18":1,"19":1,"20":8,"21":8,"22":1,"23":4,"24":1,"25":22,"26":3,"27":21,"28":8},"fnMap":{"1":{"name":"validParameters","line":66,"loc":{"start":{"line":66,"column":4},"end":{"line":66,"column":38}}},"2":{"name":"hospitalDoesNotExist","line":72,"loc":{"start":{"line":72,"column":4},"end":{"line":72,"column":49}}},"3":{"name":"hospitalExist","line":77,"loc":{"start":{"line":77,"column":4},"end":{"line":77,"column":42}}},"4":{"name":"patientDoesNotExist","line":82,"loc":{"start":{"line":82,"column":4},"end":{"line":82,"column":47}}},"5":{"name":"patientExist","line":87,"loc":{"start":{"line":87,"column":4},"end":{"line":87,"column":40}}},"6":{"name":"notNull","line":92,"loc":{"start":{"line":92,"column":4},"end":{"line":92,"column":36}}},"7":{"name":"notEmpty","line":97,"loc":{"start":{"line":97,"column":4},"end":{"line":97,"column":32}}},"8":{"name":"onlyPatient","line":103,"loc":{"start":{"line":103,"column":4},"end":{"line":103,"column":40}}},"9":{"name":"onlyHospital","line":108,"loc":{"start":{"line":108,"column":4},"end":{"line":108,"column":66}}},"10":{"name":"recordExists","line":113,"loc":{"start":{"line":113,"column":4},"end":{"line":113,"column":65}}},"11":{"name":"patientProvidedName","line":119,"loc":{"start":{"line":119,"column":4},"end":{"line":119,"column":65}}},"12":{"name":"patientNotProvidedName","line":124,"loc":{"start":{"line":124,"column":4},"end":{"line":124,"column":68}}},"13":{"name":"higherThanZero","line":129,"loc":{"start":{"line":129,"column":4},"end":{"line":129,"column":40}}},"14":{"name":null,"line":135,"loc":{"start":{"line":135,"column":4},"end":{"line":138,"column":5}}},"15":{"name":"PatientRecords","line":150,"loc":{"start":{"line":150,"column":4},"end":{"line":154,"column":5}}},"16":{"name":"addHospital","line":174,"loc":{"start":{"line":174,"column":4},"end":{"line":180,"column":5}}},"17":{"name":"removeHospital","line":187,"loc":{"start":{"line":187,"column":4},"end":{"line":191,"column":5}}},"18":{"name":"addPatient","line":198,"loc":{"start":{"line":198,"column":4},"end":{"line":204,"column":5}}},"19":{"name":"removePatient","line":211,"loc":{"start":{"line":211,"column":4},"end":{"line":215,"column":5}}},"20":{"name":"addRecord","line":226,"loc":{"start":{"line":226,"column":4},"end":{"line":236,"column":5}}},"21":{"name":"addName","line":255,"loc":{"start":{"line":255,"column":4},"end":{"line":262,"column":5}}},"22":{"name":"getRecord","line":276,"loc":{"start":{"line":276,"column":4},"end":{"line":288,"column":7}}},"23":{"name":"getRecordByName","line":298,"loc":{"start":{"line":298,"column":6},"end":{"line":303,"column":9}}},"24":{"name":"getCurrentPatients","line":315,"loc":{"start":{"line":315,"column":6},"end":{"line":320,"column":7}}},"25":{"name":"setSpringTokenReward","line":331,"loc":{"start":{"line":331,"column":6},"end":{"line":335,"column":7}}},"26":{"name":"getPatientBalance","line":343,"loc":{"start":{"line":343,"column":6},"end":{"line":348,"column":7}}},"27":{"name":"setSpringToken","line":357,"loc":{"start":{"line":357,"column":6},"end":{"line":361,"column":7}}},"28":{"name":"payPatient","line":368,"loc":{"start":{"line":368,"column":6},"end":{"line":371,"column":7}}}},"statementMap":{"1":{"start":{"line":67,"column":8},"end":{"line":67,"column":2033}},"2":{"start":{"line":73,"column":8},"end":{"line":73,"column":37}},"3":{"start":{"line":78,"column":8},"end":{"line":78,"column":36}},"4":{"start":{"line":83,"column":8},"end":{"line":83,"column":35}},"5":{"start":{"line":88,"column":8},"end":{"line":88,"column":34}},"6":{"start":{"line":93,"column":8},"end":{"line":93,"column":29}},"7":{"start":{"line":98,"column":8},"end":{"line":98,"column":44}},"8":{"start":{"line":99,"column":8},"end":{"line":99,"column":38}},"9":{"start":{"line":104,"column":8},"end":{"line":104,"column":67}},"10":{"start":{"line":109,"column":6},"end":{"line":109,"column":71}},"11":{"start":{"line":114,"column":8},"end":{"line":114,"column":69}},"12":{"start":{"line":115,"column":8},"end":{"line":115,"column":32}},"13":{"start":{"line":120,"column":6},"end":{"line":120,"column":61}},"14":{"start":{"line":125,"column":6},"end":{"line":125,"column":62}},"15":{"start":{"line":130,"column":8},"end":{"line":130,"column":25}},"16":{"start":{"line":139,"column":8},"end":{"line":139,"column":3749}},"17":{"start":{"line":140,"column":17},"end":{"line":140,"column":46}},"18":{"start":{"line":156,"column":8},"end":{"line":156,"column":4268}},"19":{"start":{"line":157,"column":12},"end":{"line":157,"column":40}},"20":{"start":{"line":158,"column":12},"end":{"line":158,"column":43}},"21":{"start":{"line":161,"column":8},"end":{"line":161,"column":4416}},"22":{"start":{"line":162,"column":12},"end":{"line":162,"column":45}},"23":{"start":{"line":163,"column":12},"end":{"line":163,"column":39}},"24":{"start":{"line":164,"column":12},"end":{"line":164,"column":41}},"25":{"start":{"line":167,"column":8},"end":{"line":167,"column":40}},"26":{"start":{"line":168,"column":8},"end":{"line":168,"column":35}},"27":{"start":{"line":169,"column":8},"end":{"line":169,"column":42}},"28":{"start":{"line":181,"column":8},"end":{"line":181,"column":35}},"29":{"start":{"line":182,"column":13},"end":{"line":182,"column":39}},"30":{"start":{"line":192,"column":8},"end":{"line":192,"column":36}},"31":{"start":{"line":193,"column":13},"end":{"line":193,"column":38}},"32":{"start":{"line":205,"column":8},"end":{"line":205,"column":33}},"33":{"start":{"line":206,"column":13},"end":{"line":206,"column":37}},"34":{"start":{"line":216,"column":8},"end":{"line":216,"column":34}},"35":{"start":{"line":217,"column":13},"end":{"line":217,"column":36}},"36":{"start":{"line":237,"column":8},"end":{"line":237,"column":65}},"37":{"start":{"line":238,"column":8},"end":{"line":238,"column":70}},"38":{"start":{"line":239,"column":8},"end":{"line":239,"column":65}},"39":{"start":{"line":240,"column":8},"end":{"line":240,"column":75}},"40":{"start":{"line":241,"column":8},"end":{"line":241,"column":75}},"41":{"start":{"line":242,"column":8},"end":{"line":242,"column":71}},"42":{"start":{"line":244,"column":8},"end":{"line":244,"column":61}},"43":{"start":{"line":245,"column":8},"end":{"line":245,"column":61}},"44":{"start":{"line":247,"column":13},"end":{"line":247,"column":60}},"45":{"start":{"line":249,"column":8},"end":{"line":249,"column":23}},"46":{"start":{"line":263,"column":8},"end":{"line":263,"column":57}},"47":{"start":{"line":264,"column":8},"end":{"line":264,"column":50}},"48":{"start":{"line":265,"column":8},"end":{"line":265,"column":74}},"49":{"start":{"line":266,"column":8},"end":{"line":266,"column":51}},"50":{"start":{"line":268,"column":8},"end":{"line":268,"column":29}},"51":{"start":{"line":270,"column":13},"end":{"line":270,"column":53}},"52":{"start":{"line":289,"column":9},"end":{"line":289,"column":56}},"53":{"start":{"line":290,"column":9},"end":{"line":290,"column":64}},"54":{"start":{"line":291,"column":9},"end":{"line":291,"column":74}},"55":{"start":{"line":292,"column":9},"end":{"line":292,"column":74}},"56":{"start":{"line":293,"column":9},"end":{"line":293,"column":70}},"57":{"start":{"line":304,"column":10},"end":{"line":304,"column":9491}},"58":{"start":{"line":305,"column":12},"end":{"line":305,"column":61}},"59":{"start":{"line":306,"column":12},"end":{"line":306,"column":34}},"60":{"start":{"line":309,"column":12},"end":{"line":309,"column":20}},"61":{"start":{"line":322,"column":8},"end":{"line":322,"column":28}},"62":{"start":{"line":323,"column":8},"end":{"line":323,"column":10061}},"63":{"start":{"line":324,"column":10},"end":{"line":324,"column":10126}},"64":{"start":{"line":325,"column":12},"end":{"line":325,"column":33}},"65":{"start":{"line":336,"column":8},"end":{"line":336,"column":39}},"66":{"start":{"line":337,"column":13},"end":{"line":337,"column":40}},"67":{"start":{"line":349,"column":10},"end":{"line":349,"column":55}},"68":{"start":{"line":362,"column":8},"end":{"line":362,"column":49}},"69":{"start":{"line":363,"column":8},"end":{"line":363,"column":42}},"70":{"start":{"line":373,"column":13},"end":{"line":373,"column":40}}},"branchMap":{"1":{"line":67,"type":"if","locations":[{"start":{"line":67,"column":8},"end":{"line":67,"column":8}},{"start":{"line":67,"column":8},"end":{"line":67,"column":8}}]},"2":{"line":73,"type":"if","locations":[{"start":{"line":73,"column":8},"end":{"line":73,"column":8}},{"start":{"line":73,"column":8},"end":{"line":73,"column":8}}]},"3":{"line":78,"type":"if","locations":[{"start":{"line":78,"column":8},"end":{"line":78,"column":8}},{"start":{"line":78,"column":8},"end":{"line":78,"column":8}}]},"4":{"line":83,"type":"if","locations":[{"start":{"line":83,"column":8},"end":{"line":83,"column":8}},{"start":{"line":83,"column":8},"end":{"line":83,"column":8}}]},"5":{"line":88,"type":"if","locations":[{"start":{"line":88,"column":8},"end":{"line":88,"column":8}},{"start":{"line":88,"column":8},"end":{"line":88,"column":8}}]},"6":{"line":93,"type":"if","locations":[{"start":{"line":93,"column":8},"end":{"line":93,"column":8}},{"start":{"line":93,"column":8},"end":{"line":93,"column":8}}]},"7":{"line":99,"type":"if","locations":[{"start":{"line":99,"column":8},"end":{"line":99,"column":8}},{"start":{"line":99,"column":8},"end":{"line":99,"column":8}}]},"8":{"line":104,"type":"if","locations":[{"start":{"line":104,"column":8},"end":{"line":104,"column":8}},{"start":{"line":104,"column":8},"end":{"line":104,"column":8}}]},"9":{"line":109,"type":"if","locations":[{"start":{"line":109,"column":6},"end":{"line":109,"column":6}},{"start":{"line":109,"column":6},"end":{"line":109,"column":6}}]},"10":{"line":115,"type":"if","locations":[{"start":{"line":115,"column":8},"end":{"line":115,"column":8}},{"start":{"line":115,"column":8},"end":{"line":115,"column":8}}]},"11":{"line":120,"type":"if","locations":[{"start":{"line":120,"column":6},"end":{"line":120,"column":6}},{"start":{"line":120,"column":6},"end":{"line":120,"column":6}}]},"12":{"line":125,"type":"if","locations":[{"start":{"line":125,"column":6},"end":{"line":125,"column":6}},{"start":{"line":125,"column":6},"end":{"line":125,"column":6}}]},"13":{"line":130,"type":"if","locations":[{"start":{"line":130,"column":8},"end":{"line":130,"column":8}},{"start":{"line":130,"column":8},"end":{"line":130,"column":8}}]},"14":{"line":139,"type":"if","locations":[{"start":{"line":139,"column":8},"end":{"line":139,"column":8}},{"start":{"line":139,"column":8},"end":{"line":139,"column":8}}]},"15":{"line":157,"type":"if","locations":[{"start":{"line":157,"column":12},"end":{"line":157,"column":12}},{"start":{"line":157,"column":12},"end":{"line":157,"column":12}}]},"16":{"line":162,"type":"if","locations":[{"start":{"line":162,"column":12},"end":{"line":162,"column":12}},{"start":{"line":162,"column":12},"end":{"line":162,"column":12}}]},"17":{"line":163,"type":"if","locations":[{"start":{"line":163,"column":12},"end":{"line":163,"column":12}},{"start":{"line":163,"column":12},"end":{"line":163,"column":12}}]},"18":{"line":304,"type":"if","locations":[{"start":{"line":304,"column":10},"end":{"line":304,"column":10}},{"start":{"line":304,"column":10},"end":{"line":304,"column":10}}]},"19":{"line":324,"type":"if","locations":[{"start":{"line":324,"column":10},"end":{"line":324,"column":10}},{"start":{"line":324,"column":10},"end":{"line":324,"column":10}}]}}},"contracts/SpringToken.sol":{"l":{"24":21,"25":21,"26":21},"path":"/home/nico/Desktop/public_repos/hospital_network/contracts/SpringToken.sol","s":{"1":21,"2":21,"3":21},"b":{},"f":{"1":21},"fnMap":{"1":{"name":"SpringToken","line":23,"loc":{"start":{"line":23,"column":2},"end":{"line":23,"column":31}}}},"statementMap":{"1":{"start":{"line":24,"column":4},"end":{"line":24,"column":32}},"2":{"start":{"line":25,"column":4},"end":{"line":25,"column":40}},"3":{"start":{"line":26,"column":4},"end":{"line":26,"column":44}}},"branchMap":{}},"contracts/TokenDestructible.sol":{"l":{"27":1,"28":1,"29":1,"30":1,"34":1},"path":"/home/nico/Desktop/public_repos/hospital_network/contracts/TokenDestructible.sol","s":{"1":1,"2":1,"3":1,"4":1},"b":{},"f":{"1":24,"2":1},"fnMap":{"1":{"name":"TokenDestructible","line":15,"loc":{"start":{"line":15,"column":2},"end":{"line":15,"column":45}}},"2":{"name":"destroy","line":24,"loc":{"start":{"line":24,"column":2},"end":{"line":24,"column":53}}}},"statementMap":{"1":{"start":{"line":27,"column":4},"end":{"line":27,"column":823}},"2":{"start":{"line":28,"column":6},"end":{"line":28,"column":45}},"3":{"start":{"line":29,"column":6},"end":{"line":29,"column":44}},"4":{"start":{"line":34,"column":4},"end":{"line":34,"column":22}}},"branchMap":{}}}