TN:
SF:/home/nico/Desktop/public_repos/hospital_network/contracts/InterfacePatientRecords.sol
FNF:0
FNH:0
LF:0
LH:0
BRF:0
BRH:0
end_of_record
TN:
SF:/home/nico/Desktop/public_repos/hospital_network/contracts/PatientRecords.sol
FN:66,validParameters
FN:72,hospitalDoesNotExist
FN:77,hospitalExist
FN:82,patientDoesNotExist
FN:87,patientExist
FN:92,notNull
FN:97,notEmpty
FN:103,onlyPatient
FN:108,onlyHospital
FN:113,recordExists
FN:119,patientProvidedName
FN:124,patientNotProvidedName
FN:129,higherThanZero
FN:135,
FN:150,PatientRecords
FN:174,addHospital
FN:187,removeHospital
FN:198,addPatient
FN:211,removePatient
FN:226,addRecord
FN:255,addName
FN:276,getRecord
FN:298,getRecordByName
FN:315,getCurrentPatients
FN:331,setSpringTokenReward
FN:343,getPatientBalance
FN:357,setSpringToken
FN:368,payPatient
FNF:28
FNH:28
FNDA:48,validParameters
FNDA:7,hospitalDoesNotExist
FNDA:15,hospitalExist
FNDA:7,patientDoesNotExist
FNDA:22,patientExist
FNDA:33,notNull
FNDA:10,notEmpty
FNDA:11,onlyPatient
FNDA:2,onlyHospital
FNDA:14,recordExists
FNDA:3,patientProvidedName
FNDA:9,patientNotProvidedName
FNDA:22,higherThanZero
FNDA:4,
FNDA:24,PatientRecords
FNDA:2,addHospital
FNDA:1,removeHospital
FNDA:1,addPatient
FNDA:1,removePatient
FNDA:8,addRecord
FNDA:8,addName
FNDA:1,getRecord
FNDA:4,getRecordByName
FNDA:1,getCurrentPatients
FNDA:22,setSpringTokenReward
FNDA:3,getPatientBalance
FNDA:21,setSpringToken
FNDA:8,payPatient
DA:67,48
DA:69,48
DA:73,7
DA:74,5
DA:78,15
DA:79,14
DA:83,7
DA:84,5
DA:88,22
DA:89,21
DA:93,33
DA:94,32
DA:98,10
DA:99,10
DA:100,9
DA:104,11
DA:105,10
DA:109,2
DA:110,1
DA:114,14
DA:115,14
DA:116,13
DA:120,3
DA:121,2
DA:125,9
DA:126,8
DA:130,22
DA:131,22
DA:139,4
DA:155,24
DA:156,24
DA:157,45
DA:158,44
DA:161,23
DA:162,44
DA:163,43
DA:164,42
DA:167,21
DA:168,21
DA:169,21
DA:181,2
DA:192,1
DA:205,1
DA:216,1
DA:237,8
DA:238,8
DA:239,8
DA:240,8
DA:241,8
DA:242,8
DA:244,8
DA:245,8
DA:249,8
DA:263,8
DA:264,8
DA:265,8
DA:266,8
DA:268,8
DA:289,1
DA:290,1
DA:291,1
DA:292,1
DA:293,1
DA:304,4
DA:305,3
DA:306,3
DA:309,1
DA:321,1
DA:322,1
DA:323,1
DA:324,3
DA:325,2
DA:336,22
DA:349,3
DA:362,21
DA:363,21
DA:372,8
LF:77
LH:77
BRDA:67,1,0,48
BRDA:67,1,1,0
BRDA:73,2,0,5
BRDA:73,2,1,2
BRDA:78,3,0,14
BRDA:78,3,1,1
BRDA:83,4,0,5
BRDA:83,4,1,2
BRDA:88,5,0,21
BRDA:88,5,1,1
BRDA:93,6,0,32
BRDA:93,6,1,1
BRDA:99,7,0,9
BRDA:99,7,1,1
BRDA:104,8,0,10
BRDA:104,8,1,1
BRDA:109,9,0,1
BRDA:109,9,1,1
BRDA:115,10,0,13
BRDA:115,10,1,1
BRDA:120,11,0,2
BRDA:120,11,1,1
BRDA:125,12,0,8
BRDA:125,12,1,1
BRDA:130,13,0,22
BRDA:130,13,1,0
BRDA:139,14,0,4
BRDA:139,14,1,0
BRDA:157,15,0,44
BRDA:157,15,1,1
BRDA:162,16,0,43
BRDA:162,16,1,1
BRDA:163,17,0,42
BRDA:163,17,1,1
BRDA:304,18,0,3
BRDA:304,18,1,1
BRDA:324,19,0,2
BRDA:324,19,1,1
BRF:38
BRH:35
end_of_record
TN:
SF:/home/nico/Desktop/public_repos/hospital_network/contracts/SpringToken.sol
FN:23,SpringToken
FNF:1
FNH:1
FNDA:21,SpringToken
DA:24,21
DA:25,21
DA:26,21
LF:3
LH:3
BRF:0
BRH:0
end_of_record
TN:
SF:/home/nico/Desktop/public_repos/hospital_network/contracts/TokenDestructible.sol
FN:15,TokenDestructible
FN:24,destroy
FNF:2
FNH:2
FNDA:24,TokenDestructible
FNDA:1,destroy
DA:27,1
DA:28,1
DA:29,1
DA:30,1
DA:34,1
LF:5
LH:5
BRF:0
BRH:0
end_of_record
