TN:
SF:/Users/nico/Desktop/public_repos/Ethereum-Medical-Records/contracts/BasicToken.sol
FN:20,totalSupply
FN:29,transfer
FN:44,balanceOf
FNF:3
FNH:3
FNDA:2,totalSupply
FNDA:18,transfer
FNDA:17,balanceOf
DA:21,2
DA:30,18
DA:31,16
DA:33,13
DA:34,13
DA:35,13
DA:36,13
DA:45,17
LF:8
LH:8
BRDA:30,1,0,16
BRDA:30,1,1,2
BRDA:31,2,0,13
BRDA:31,2,1,3
BRF:4
BRH:4
end_of_record
TN:
SF:/Users/nico/Desktop/public_repos/Ethereum-Medical-Records/contracts/ERC20.sol
FNF:0
FNH:0
LF:0
LH:0
BRF:0
BRH:0
end_of_record
TN:
SF:/Users/nico/Desktop/public_repos/Ethereum-Medical-Records/contracts/ERC20Basic.sol
FNF:0
FNH:0
LF:0
LH:0
BRF:0
BRH:0
end_of_record
TN:
SF:/Users/nico/Desktop/public_repos/Ethereum-Medical-Records/contracts/InterfacePatientRecords.sol
FNF:0
FNH:0
LF:0
LH:0
BRF:0
BRH:0
end_of_record
TN:
SF:/Users/nico/Desktop/public_repos/Ethereum-Medical-Records/contracts/mocks/BasicTokenMock.sol
FN:8,
FNF:1
FNH:1
FNDA:7,
DA:9,7
DA:10,7
LF:2
LH:2
BRF:0
BRH:0
end_of_record
TN:
SF:/Users/nico/Desktop/public_repos/Ethereum-Medical-Records/contracts/mocks/SafeMathMock.sol
FN:7,mul
FN:11,div
FN:15,sub
FN:19,add
FNF:4
FNH:4
FNDA:3,mul
FNDA:2,div
FNDA:2,sub
FNDA:2,add
DA:8,3
DA:12,2
DA:16,2
DA:20,2
LF:4
LH:4
BRF:0
BRH:0
end_of_record
TN:
SF:/Users/nico/Desktop/public_repos/Ethereum-Medical-Records/contracts/mocks/StandardTokenMock.sol
FN:8,
FNF:1
FNH:1
FNDA:38,
DA:9,38
DA:10,38
LF:2
LH:2
BRF:0
BRH:0
end_of_record
TN:
SF:/Users/nico/Desktop/public_repos/Ethereum-Medical-Records/contracts/Ownable.sol
FN:19,
FN:26,onlyOwner
FN:35,transferOwnership
FNF:3
FNH:3
FNDA:49,
FNDA:73,onlyOwner
FNDA:2,transferOwnership
DA:20,49
DA:27,73
DA:28,68
DA:36,2
DA:37,1
DA:38,1
LF:6
LH:6
BRDA:27,1,0,68
BRDA:27,1,1,5
BRDA:36,2,0,1
BRDA:36,2,1,1
BRF:4
BRH:4
end_of_record
TN:
SF:/Users/nico/Desktop/public_repos/Ethereum-Medical-Records/contracts/PatientRecords.sol
FN:66,validParameters
FN:71,hospitalDoesNotExist
FN:76,hospitalExist
FN:81,patientDoesNotExist
FN:86,patientExist
FN:91,notNull
FN:96,notEmpty
FN:102,onlyPatient
FN:107,onlyHospital
FN:112,recordExists
FN:118,patientProvidedName
FN:123,patientNotProvidedName
FN:128,higherThanZero
FN:134,
FN:149,
FN:173,addHospital
FN:186,removeHospital
FN:197,addPatient
FN:210,removePatient
FN:225,addRecord
FN:254,addName
FN:275,getRecord
FN:298,getRecordByName
FN:315,getCurrentPatients
FN:331,setSpringTokenReward
FN:343,getPatientBalance
FN:357,setSpringToken
FN:368,payPatient
FNF:28
FNH:28
FNDA:48,validParameters
FNDA:7,hospitalDoesNotExist
FNDA:15,hospitalExist
FNDA:7,patientDoesNotExist
FNDA:22,patientExist
FNDA:33,notNull
FNDA:10,notEmpty
FNDA:11,onlyPatient
FNDA:2,onlyHospital
FNDA:14,recordExists
FNDA:3,patientProvidedName
FNDA:9,patientNotProvidedName
FNDA:22,higherThanZero
FNDA:4,
FNDA:24,
FNDA:2,addHospital
FNDA:1,removeHospital
FNDA:1,addPatient
FNDA:1,removePatient
FNDA:8,addRecord
FNDA:8,addName
FNDA:1,getRecord
FNDA:4,getRecordByName
FNDA:1,getCurrentPatients
FNDA:22,setSpringTokenReward
FNDA:3,getPatientBalance
FNDA:21,setSpringToken
FNDA:8,payPatient
DA:67,48
DA:68,48
DA:72,7
DA:73,5
DA:77,15
DA:78,14
DA:82,7
DA:83,5
DA:87,22
DA:88,21
DA:92,33
DA:93,32
DA:97,10
DA:98,10
DA:99,9
DA:103,11
DA:104,10
DA:108,2
DA:109,1
DA:113,14
DA:114,14
DA:115,13
DA:119,3
DA:120,2
DA:124,9
DA:125,8
DA:129,22
DA:130,22
DA:138,4
DA:139,4
DA:154,24
DA:155,24
DA:156,45
DA:157,44
DA:160,23
DA:161,44
DA:162,43
DA:163,42
DA:166,21
DA:167,21
DA:168,21
DA:180,2
DA:181,2
DA:191,1
DA:192,1
DA:204,1
DA:205,1
DA:215,1
DA:216,1
DA:236,8
DA:237,8
DA:238,8
DA:239,8
DA:240,8
DA:241,8
DA:243,8
DA:244,8
DA:246,8
DA:248,8
DA:262,8
DA:263,8
DA:264,8
DA:265,8
DA:267,8
DA:269,8
DA:289,1
DA:290,1
DA:291,1
DA:292,1
DA:293,1
DA:304,4
DA:305,3
DA:306,3
DA:309,1
DA:321,1
DA:322,1
DA:323,1
DA:324,3
DA:325,2
DA:336,22
DA:337,22
DA:349,3
DA:362,21
DA:363,21
DA:372,8
DA:373,8
LF:86
LH:86
BRDA:67,1,0,48
BRDA:67,1,1,0
BRDA:72,2,0,5
BRDA:72,2,1,2
BRDA:77,3,0,14
BRDA:77,3,1,1
BRDA:82,4,0,5
BRDA:82,4,1,2
BRDA:87,5,0,21
BRDA:87,5,1,1
BRDA:92,6,0,32
BRDA:92,6,1,1
BRDA:98,7,0,9
BRDA:98,7,1,1
BRDA:103,8,0,10
BRDA:103,8,1,1
BRDA:108,9,0,1
BRDA:108,9,1,1
BRDA:114,10,0,13
BRDA:114,10,1,1
BRDA:119,11,0,2
BRDA:119,11,1,1
BRDA:124,12,0,8
BRDA:124,12,1,1
BRDA:129,13,0,22
BRDA:129,13,1,0
BRDA:138,14,0,4
BRDA:138,14,1,0
BRDA:156,15,0,44
BRDA:156,15,1,1
BRDA:161,16,0,43
BRDA:161,16,1,1
BRDA:162,17,0,42
BRDA:162,17,1,1
BRDA:304,18,0,3
BRDA:304,18,1,1
BRDA:324,19,0,2
BRDA:324,19,1,1
BRF:38
BRH:35
end_of_record
TN:
SF:/Users/nico/Desktop/public_repos/Ethereum-Medical-Records/contracts/SafeMath.sol
FN:13,mul
FN:25,div
FN:35,sub
FN:43,add
FNF:4
FNH:4
FNDA:3,mul
FNDA:2,div
FNDA:23,sub
FNDA:26,add
DA:14,3
DA:15,1
DA:17,2
DA:18,2
DA:19,1
DA:29,2
DA:36,23
DA:37,22
DA:44,26
DA:45,26
DA:46,25
LF:11
LH:11
BRDA:14,1,0,1
BRDA:14,1,1,2
BRDA:18,2,0,1
BRDA:18,2,1,1
BRDA:36,3,0,22
BRDA:36,3,1,1
BRDA:45,4,0,25
BRDA:45,4,1,1
BRF:8
BRH:8
end_of_record
TN:
SF:/Users/nico/Desktop/public_repos/Ethereum-Medical-Records/contracts/SpringToken.sol
FN:23,
FNF:1
FNH:1
FNDA:21,
DA:24,21
DA:25,21
DA:26,21
LF:3
LH:3
BRF:0
BRH:0
end_of_record
TN:
SF:/Users/nico/Desktop/public_repos/Ethereum-Medical-Records/contracts/StandardToken.sol
FN:25,transferFrom
FN:47,approve
FN:59,allowance
FN:73,increaseApproval
FN:89,decreaseApproval
FNF:5
FNH:5
FNDA:7,transferFrom
FNDA:21,approve
FNDA:16,allowance
FNDA:8,increaseApproval
FNDA:8,decreaseApproval
DA:26,7
DA:27,6
DA:28,4
DA:30,3
DA:31,3
DA:32,3
DA:33,3
DA:34,3
DA:48,21
DA:49,21
DA:50,21
DA:60,16
DA:74,8
DA:75,8
DA:76,8
DA:90,8
DA:91,8
DA:92,6
DA:94,2
DA:96,8
DA:97,8
LF:21
LH:21
BRDA:26,1,0,6
BRDA:26,1,1,1
BRDA:27,2,0,4
BRDA:27,2,1,2
BRDA:28,3,0,3
BRDA:28,3,1,1
BRDA:91,4,0,6
BRDA:91,4,1,2
BRF:8
BRH:8
end_of_record
TN:
SF:/Users/nico/Desktop/public_repos/Ethereum-Medical-Records/contracts/TokenDestructible.sol
FN:15,
FN:24,destroy
FNF:2
FNH:2
FNDA:24,
FNDA:1,destroy
DA:26,1
DA:27,1
DA:28,1
DA:29,1
DA:32,1
LF:5
LH:5
BRF:0
BRH:0
end_of_record
